train pix-to-pix
Requirement already satisfied: pip in ./.venv/lib/python3.7/site-packages (22.0.4)
Requirement already satisfied: torch>=1.4.0 in ./.venv/lib/python3.7/site-packages (from -r requirements.txt (line 1)) (1.11.0)
Requirement already satisfied: torchvision>=0.5.0 in ./.venv/lib/python3.7/site-packages (from -r requirements.txt (line 2)) (0.12.0)
Requirement already satisfied: dominate>=2.4.0 in ./.venv/lib/python3.7/site-packages (from -r requirements.txt (line 3)) (2.6.0)
Requirement already satisfied: visdom>=0.1.8.8 in ./.venv/lib/python3.7/site-packages (from -r requirements.txt (line 4)) (0.1.8.9)
Requirement already satisfied: wandb in ./.venv/lib/python3.7/site-packages (from -r requirements.txt (line 5)) (0.12.11)
Requirement already satisfied: typing-extensions in ./.venv/lib/python3.7/site-packages (from torch>=1.4.0->-r requirements.txt (line 1)) (4.1.1)
Requirement already satisfied: requests in ./.venv/lib/python3.7/site-packages (from torchvision>=0.5.0->-r requirements.txt (line 2)) (2.27.1)
Requirement already satisfied: numpy in ./.venv/lib/python3.7/site-packages (from torchvision>=0.5.0->-r requirements.txt (line 2)) (1.21.5)
Requirement already satisfied: pillow!=8.3.*,>=5.3.0 in ./.venv/lib/python3.7/site-packages (from torchvision>=0.5.0->-r requirements.txt (line 2)) (9.0.1)
Requirement already satisfied: scipy in ./.venv/lib/python3.7/site-packages (from visdom>=0.1.8.8->-r requirements.txt (line 4)) (1.7.3)
Requirement already satisfied: tornado in ./.venv/lib/python3.7/site-packages (from visdom>=0.1.8.8->-r requirements.txt (line 4)) (6.1)
Requirement already satisfied: pyzmq in ./.venv/lib/python3.7/site-packages (from visdom>=0.1.8.8->-r requirements.txt (line 4)) (22.3.0)
Requirement already satisfied: six in ./.venv/lib/python3.7/site-packages (from visdom>=0.1.8.8->-r requirements.txt (line 4)) (1.16.0)
Requirement already satisfied: jsonpatch in ./.venv/lib/python3.7/site-packages (from visdom>=0.1.8.8->-r requirements.txt (line 4)) (1.32)
Requirement already satisfied: torchfile in ./.venv/lib/python3.7/site-packages (from visdom>=0.1.8.8->-r requirements.txt (line 4)) (0.1.0)
Requirement already satisfied: websocket-client in ./.venv/lib/python3.7/site-packages (from visdom>=0.1.8.8->-r requirements.txt (line 4)) (1.3.1)
Requirement already satisfied: docker-pycreds>=0.4.0 in ./.venv/lib/python3.7/site-packages (from wandb->-r requirements.txt (line 5)) (0.4.0)
Requirement already satisfied: yaspin>=1.0.0 in ./.venv/lib/python3.7/site-packages (from wandb->-r requirements.txt (line 5)) (2.1.0)
Requirement already satisfied: PyYAML in ./.venv/lib/python3.7/site-packages (from wandb->-r requirements.txt (line 5)) (6.0)
Requirement already satisfied: python-dateutil>=2.6.1 in ./.venv/lib/python3.7/site-packages (from wandb->-r requirements.txt (line 5)) (2.8.2)
Requirement already satisfied: shortuuid>=0.5.0 in ./.venv/lib/python3.7/site-packages (from wandb->-r requirements.txt (line 5)) (1.0.8)
Requirement already satisfied: pathtools in ./.venv/lib/python3.7/site-packages (from wandb->-r requirements.txt (line 5)) (0.1.2)
Requirement already satisfied: GitPython>=1.0.0 in ./.venv/lib/python3.7/site-packages (from wandb->-r requirements.txt (line 5)) (3.1.27)
Requirement already satisfied: psutil>=5.0.0 in ./.venv/lib/python3.7/site-packages (from wandb->-r requirements.txt (line 5)) (5.9.0)
Requirement already satisfied: protobuf>=3.12.0 in ./.venv/lib/python3.7/site-packages (from wandb->-r requirements.txt (line 5)) (3.19.4)
Requirement already satisfied: setproctitle in ./.venv/lib/python3.7/site-packages (from wandb->-r requirements.txt (line 5)) (1.2.2)
Requirement already satisfied: Click!=8.0.0,>=7.0 in ./.venv/lib/python3.7/site-packages (from wandb->-r requirements.txt (line 5)) (8.0.4)
Requirement already satisfied: promise<3,>=2.0 in ./.venv/lib/python3.7/site-packages (from wandb->-r requirements.txt (line 5)) (2.3)
Requirement already satisfied: sentry-sdk>=1.0.0 in ./.venv/lib/python3.7/site-packages (from wandb->-r requirements.txt (line 5)) (1.5.8)
Requirement already satisfied: importlib-metadata in ./.venv/lib/python3.7/site-packages (from Click!=8.0.0,>=7.0->wandb->-r requirements.txt (line 5)) (4.11.3)
Requirement already satisfied: gitdb<5,>=4.0.1 in ./.venv/lib/python3.7/site-packages (from GitPython>=1.0.0->wandb->-r requirements.txt (line 5)) (4.0.9)
Requirement already satisfied: idna<4,>=2.5 in ./.venv/lib/python3.7/site-packages (from requests->torchvision>=0.5.0->-r requirements.txt (line 2)) (3.3)
Requirement already satisfied: certifi>=2017.4.17 in ./.venv/lib/python3.7/site-packages (from requests->torchvision>=0.5.0->-r requirements.txt (line 2)) (2021.10.8)
Requirement already satisfied: charset-normalizer~=2.0.0 in ./.venv/lib/python3.7/site-packages (from requests->torchvision>=0.5.0->-r requirements.txt (line 2)) (2.0.12)
Requirement already satisfied: urllib3<1.27,>=1.21.1 in ./.venv/lib/python3.7/site-packages (from requests->torchvision>=0.5.0->-r requirements.txt (line 2)) (1.26.9)
Requirement already satisfied: termcolor<2.0.0,>=1.1.0 in ./.venv/lib/python3.7/site-packages (from yaspin>=1.0.0->wandb->-r requirements.txt (line 5)) (1.1.0)
Requirement already satisfied: jsonpointer>=1.9 in ./.venv/lib/python3.7/site-packages (from jsonpatch->visdom>=0.1.8.8->-r requirements.txt (line 4)) (2.2)
Requirement already satisfied: smmap<6,>=3.0.1 in ./.venv/lib/python3.7/site-packages (from gitdb<5,>=4.0.1->GitPython>=1.0.0->wandb->-r requirements.txt (line 5)) (5.0.0)
Requirement already satisfied: zipp>=0.5 in ./.venv/lib/python3.7/site-packages (from importlib-metadata->Click!=8.0.0,>=7.0->wandb->-r requirements.txt (line 5)) (3.7.0)
/fs02/zd26/collage_main/Tin2/cycleGAN_pix2pix/.venv/bin/python3
----------------- Options ---------------
               batch_size: 5                             	[default: 1]
                    beta1: 0.5                           
          checkpoints_dir: ./checkpoints                 
                   concat: True                          	[default: False]
           continue_train: False                         
                crop_size: 256                           
                 dataroot: ./datasets/collage_testing    	[default: None]
             dataset_mode: unaligned                     
                direction: AtoB                          
              display_env: main                          
             display_freq: 400                           
               display_id: 1                             
            display_ncols: 4                             
             display_port: 8097                          
           display_server: http://localhost              
          display_winsize: 256                           
                    epoch: latest                        
              epoch_count: 1                             
                 gan_mode: lsgan                         
                  gpu_ids: 0                             
                init_gain: 0.02                          
                init_type: normal                        
                 input_nc: 15                            	[default: 3]
                  isTrain: True                          	[default: None]
                 lambda_A: 10.0                          
                 lambda_B: 10.0                          
          lambda_identity: 0.0                           	[default: 0.5]
                load_iter: 0                             	[default: 0]
                load_size: 286                           
                       lr: 0.0002                        
           lr_decay_iters: 10                            	[default: 50]
                lr_policy: linear                        
         max_dataset_size: inf                           
                    model: cycle_gan_3rdloss             	[default: cycle_gan]
                 n_epochs: 100                           
           n_epochs_decay: 100                           
               n_layers_D: 3                             
                     name: concatCG3rdloss               	[default: experiment_name]
                      ndf: 64                            
                     netD: basic                         
                     netG: resnet_9blocks                
                      ngf: 64                            
               no_dropout: True                          
                  no_flip: False                         
                  no_html: False                         
                     norm: instance                      
              num_threads: 4                             
                output_nc: 3                             
                    phase: train                         
                pool_size: 50                            
               preprocess: resize_and_crop               
               print_freq: 100                           
             save_by_iter: False                         
          save_epoch_freq: 5                             
         save_latest_freq: 5000                          
           serial_batches: False                         
                   suffix:                               
         update_html_freq: 1000                          
                use_wandb: True                          	[default: False]
                  verbose: False                         
----------------- End -------------------
dataset [UnalignedDataset] was created
The number of training images = 1802
initialize network with normal
initialize network with normal
initialize network with normal
initialize network with normal
initialize network with normal
model [CycleGAN3rdlossModel] was created
---------- Networks initialized -------------
[Network G_A] Total number of parameters : 11.416 M
[Network G_B] Total number of parameters : 11.416 M
[Network D_A] Total number of parameters : 2.765 M
[Network D_B] Total number of parameters : 2.777 M
[Network D] Total number of parameters : 2.780 M
-----------------------------------------------
Exception in user code:
------------------------------------------------------------


Could not connect to Visdom server. 
 Trying to start a server....
Command: /fs02/zd26/collage_main/Tin2/cycleGAN_pix2pix/.venv/bin/python -m visdom.server -p 8097 &>/dev/null &
create web directory ./checkpoints/concatCG3rdloss/web...
learning rate 0.0002000 -> 0.0002000
